<?xml version="1.0" encoding="UTF-8"?>
<testng-results skipped="0" failed="0" ignored="0" total="0" passed="0">
  <reporter-output>
  </reporter-output>
  <suite name="Surefire suite" duration-ms="104" started-at="2024-02-02T14:45:42 IST" finished-at="2024-02-02T14:45:42 IST">
    <groups>
    </groups>
    <test name="Surefire test" duration-ms="104" started-at="2024-02-02T14:45:42 IST" finished-at="2024-02-02T14:45:42 IST">
    </test> <!-- Surefire test -->
  </suite> <!-- Surefire suite -->
</testng-results>
